<?xml version="1.0" encoding="UTF-8"?>
<testng-results ignored="0" total="1" passed="1" failed="0" skipped="0">
  <reporter-output>
  </reporter-output>
  <suite started-at="2026-09-07T10:50:39 IST" name="Default suite" finished-at="2026-09-07T10:59:46 IST" duration-ms="546166">
    <groups>
    </groups>
    <test started-at="2026-09-07T10:50:39 IST" name="Default test" finished-at="2026-09-07T10:59:46 IST" duration-ms="546166">
      <class name="com.chatbot.tests.ChatbotTest">
        <test-method is-config="true" signature="setUp()[pri:0, instance:com.chatbot.tests.ChatbotTest@5c6648b0]" started-at="2026-09-07T10:50:39 IST" name="setUp" finished-at="2026-09-07T10:50:46 IST" duration-ms="6307" status="PASS">
          <reporter-output>
          </reporter-output>
        </test-method> <!-- setUp -->
        <test-method signature="runAutomationFramework()[pri:0, instance:com.chatbot.tests.ChatbotTest@5c6648b0]" started-at="2026-09-07T10:50:46 IST" name="runAutomationFramework" finished-at="2026-09-07T10:59:45 IST" duration-ms="539450" status="PASS">
          <reporter-output>
          </reporter-output>
        </test-method> <!-- runAutomationFramework -->
        <test-method is-config="true" signature="tearDown()[pri:0, instance:com.chatbot.tests.ChatbotTest@5c6648b0]" started-at="2026-09-07T10:59:45 IST" name="tearDown" finished-at="2026-09-07T10:59:46 IST" duration-ms="351" status="PASS">
          <reporter-output>
          </reporter-output>
        </test-method> <!-- tearDown -->
      </class> <!-- com.chatbot.tests.ChatbotTest -->
    </test> <!-- Default test -->
  </suite> <!-- Default suite -->
</testng-results>
